<?xml version="1.0" encoding="UTF-8"?>
<!-- Generated by org.testng.reporters.JUnitReportReporter -->
<testsuite skipped="0" hostname="Sorowar-Windows-Laptop-01" name="TestNG.TestngAnnotations" tests="1" failures="0" timestamp="24 Oct 2017 21:33:39 GMT" time="0.007" errors="0">
  <testcase name="testCase1" time="0.007" classname="TestNG.TestngAnnotations"/>
</testsuite> <!-- TestNG.TestngAnnotations -->
