<?xml version="1.0" encoding="UTF-8"?>
<!-- Generated by org.testng.reporters.JUnitReportReporter -->
<testsuite skipped="0" hostname="Sorowar-Windows-Laptop-01" name="TestNG.TestNGGroupTest" tests="2" failures="0" timestamp="24 Oct 2017 21:33:39 GMT" time="0.004" errors="0">
  <testcase name="composeMail" time="0.002" classname="TestNG.TestNGGroupTest"/>
  <testcase name="loginTest" time="0.002" classname="TestNG.TestNGGroupTest"/>
</testsuite> <!-- TestNG.TestNGGroupTest -->
