<?xml version="1.0" encoding="UTF-8"?>
<!-- Generated by org.testng.reporters.JUnitReportReporter -->
<testsuite skipped="1" hostname="Sorowar-Windows-Laptop-01" name="TestNG.SkipTestCase" tests="2" failures="0" timestamp="13 Oct 2017 21:33:25 GMT" time="0.009" errors="0">
  <testcase name="aSkipTest" time="0.008" classname="TestNG.SkipTestCase">
    <skipped/>
  </testcase> <!-- aSkipTest -->
  <testcase name="nonSkipTest" time="0.001" classname="TestNG.SkipTestCase"/>
</testsuite> <!-- TestNG.SkipTestCase -->
