<?xml version="1.0" encoding="UTF-8"?>
<!-- Generated by org.testng.reporters.JUnitReportReporter -->
<testsuite skipped="0" hostname="Sorowar-Windows-Laptop-01" name="TestNG.TestDataprovider" tests="2" failures="0" timestamp="24 Oct 2017 21:33:39 GMT" time="0.004" errors="0">
  <testcase name="loginInfo" time="0.003" classname="TestNG.TestDataprovider"/>
  <testcase name="loginInfo" time="0.001" classname="TestNG.TestDataprovider"/>
</testsuite> <!-- TestNG.TestDataprovider -->
