<?xml version="1.0" encoding="UTF-8"?>
<!-- Generated by org.testng.reporters.JUnitReportReporter -->
<testsuite skipped="0" hostname="Sorowar-Windows-Laptop-01" name="TestNG.TestNGDependencies" tests="6" failures="0" timestamp="24 Oct 2017 21:33:39 GMT" time="0.009" errors="0">
  <testcase name="verifyreportSettings" time="0.001" classname="TestNG.TestNGDependencies"/>
  <testcase name="verifyWishlistPage" time="0.001" classname="TestNG.TestNGDependencies"/>
  <testcase name="verifyAccountSettings" time="0.003" classname="TestNG.TestNGDependencies"/>
  <testcase name="verifyGeneralSettings" time="0.001" classname="TestNG.TestNGDependencies"/>
  <testcase name="verifyUserLogin" time="0.001" classname="TestNG.TestNGDependencies"/>
  <testcase name="login" time="0.002" classname="TestNG.TestNGDependencies"/>
</testsuite> <!-- TestNG.TestNGDependencies -->
